{
  "RSpec": {
    "coverage": {
      "/Users/sooyungkim/Desktop/Turing/3Mod/projects/sweater_weather_apis/app/facades/location_facade.rb": {
        "lines": [
          1,
          1,
          2,
          2,
          null,
          null
        ]
      },
      "/Users/sooyungkim/Desktop/Turing/3Mod/projects/sweater_weather_apis/spec/facades/weather_facade_spec.rb": {
        "lines": [
          1,
          null,
          1,
          1,
          1,
          1,
          1,
          null,
          null,
          null,
          null,
          null,
          null,
          null,
          1,
          null,
          1,
          1,
          1,
          1,
          null,
          null,
          null
        ]
      },
      "/Users/sooyungkim/Desktop/Turing/3Mod/projects/sweater_weather_apis/app/facades/weather_facade.rb": {
        "lines": [
          1,
          1,
          3,
          3,
          null,
          null
        ]
      },
      "/Users/sooyungkim/Desktop/Turing/3Mod/projects/sweater_weather_apis/spec/poros/location_spec.rb": {
        "lines": [
          1,
          null,
          1,
          1,
          1,
          1,
          1,
          null,
          1,
          1,
          null,
          null
        ]
      },
      "/Users/sooyungkim/Desktop/Turing/3Mod/projects/sweater_weather_apis/app/poros/location.rb": {
        "lines": [
          1,
          1,
          null,
          1,
          3,
          null,
          null
        ]
      },
      "/Users/sooyungkim/Desktop/Turing/3Mod/projects/sweater_weather_apis/spec/poros/weather_spec.rb": {
        "lines": [
          1,
          null,
          1,
          1,
          1,
          1,
          1,
          1,
          1,
          1,
          1,
          1,
          1,
          1,
          1,
          1,
          1,
          1,
          null,
          null
        ]
      },
      "/Users/sooyungkim/Desktop/Turing/3Mod/projects/sweater_weather_apis/app/poros/weather.rb": {
        "lines": [
          1,
          1,
          1,
          4,
          4,
          null,
          null,
          1,
          6,
          6,
          6,
          6,
          6,
          6,
          6,
          6,
          6,
          6,
          null,
          null,
          1,
          6,
          6,
          30,
          null,
          null,
          null,
          null,
          null,
          null,
          null,
          null,
          null,
          6,
          null,
          null,
          1,
          6,
          6,
          144,
          null,
          null,
          null,
          null,
          null,
          null,
          6,
          null,
          null
        ]
      },
      "/Users/sooyungkim/Desktop/Turing/3Mod/projects/sweater_weather_apis/spec/requests/api/v0/weather_request_spec.rb": {
        "lines": [
          1,
          null,
          1,
          1,
          1,
          1,
          null,
          null,
          null,
          null,
          null,
          null,
          null,
          null,
          1,
          1,
          null,
          null,
          null,
          null,
          null,
          null,
          null,
          null,
          1,
          1,
          null,
          1,
          1,
          null,
          1,
          1,
          null,
          1,
          1,
          null,
          1,
          1,
          null,
          1,
          null,
          1,
          1,
          1,
          null,
          1,
          1,
          1,
          null,
          1,
          1,
          null,
          null
        ]
      },
      "/Users/sooyungkim/Desktop/Turing/3Mod/projects/sweater_weather_apis/spec/serializers/weather_serializer_spec.rb": {
        "lines": [
          1,
          null,
          1,
          1,
          1,
          1,
          1,
          1,
          null,
          null,
          null,
          null,
          null,
          null,
          null,
          null,
          1,
          1,
          1,
          1,
          1,
          1,
          1,
          1,
          1,
          null,
          null,
          null,
          null
        ]
      },
      "/Users/sooyungkim/Desktop/Turing/3Mod/projects/sweater_weather_apis/app/serializers/weather_serializer.rb": {
        "lines": [
          1,
          1,
          1,
          1,
          null
        ]
      },
      "/Users/sooyungkim/Desktop/Turing/3Mod/projects/sweater_weather_apis/spec/services/location_service_spec.rb": {
        "lines": [
          1,
          null,
          1,
          1,
          1,
          1,
          1,
          null,
          null,
          null,
          null,
          null,
          null,
          null,
          null,
          1,
          null,
          1,
          1,
          1,
          1,
          null,
          1,
          null,
          1,
          1,
          1,
          1,
          1,
          1,
          null,
          null,
          null
        ]
      },
      "/Users/sooyungkim/Desktop/Turing/3Mod/projects/sweater_weather_apis/app/services/location_service.rb": {
        "lines": [
          1,
          1,
          3,
          3,
          null,
          null,
          null,
          1,
          3,
          3,
          null,
          null,
          1,
          3,
          null,
          null
        ]
      },
      "/Users/sooyungkim/Desktop/Turing/3Mod/projects/sweater_weather_apis/spec/services/weather_service_spec.rb": {
        "lines": [
          1,
          null,
          1,
          1,
          1,
          1,
          1,
          null,
          null,
          null,
          null,
          null,
          null,
          null,
          1,
          null,
          1,
          1,
          1,
          1,
          1,
          null,
          null,
          null
        ]
      },
      "/Users/sooyungkim/Desktop/Turing/3Mod/projects/sweater_weather_apis/app/services/weather_service.rb": {
        "lines": [
          1,
          1,
          4,
          4,
          null,
          null,
          null,
          1,
          4,
          4,
          null,
          null,
          1,
          4,
          null,
          null
        ]
      },
      "/Users/sooyungkim/Desktop/Turing/3Mod/projects/sweater_weather_apis/app/controllers/api/v0/forecast_controller.rb": {
        "lines": [
          1,
          1,
          1,
          null,
          1,
          1,
          null,
          1,
          null,
          null,
          null
        ]
      },
      "/Users/sooyungkim/Desktop/Turing/3Mod/projects/sweater_weather_apis/app/controllers/application_controller.rb": {
        "lines": [
          1,
          null
        ]
      }
    },
    "timestamp": 1705195045
  }
}
